[debug] [2024-04-03T04:12:13.201Z] ----------------------------------------------------------------------
[debug] [2024-04-03T04:12:13.210Z] Command:       C:\Program Files\nodejs\node.exe C:\Program Files\nodejs\node_modules\firebase-tools\lib\bin\firebase.js init
[debug] [2024-04-03T04:12:13.211Z] CLI Version:   13.6.0
[debug] [2024-04-03T04:12:13.211Z] Platform:      win32
[debug] [2024-04-03T04:12:13.211Z] Node Version:  v20.5.0
[debug] [2024-04-03T04:12:13.211Z] Time:          Wed Apr 03 2024 09:12:13 GMT+0500 (Pakistan Standard Time)
[debug] [2024-04-03T04:12:13.212Z] ----------------------------------------------------------------------
[debug] 
[debug] [2024-04-03T04:12:13.225Z] >>> [apiv2][query] GET https://firebase-public.firebaseio.com/cli.json [none]
[debug] [2024-04-03T04:12:13.273Z] > command requires scopes: ["email","openid","https://www.googleapis.com/auth/cloudplatformprojects.readonly","https://www.googleapis.com/auth/firebase","https://www.googleapis.com/auth/cloud-platform"]
[debug] [2024-04-03T04:12:13.273Z] > authorizing via signed-in user (zunainali1865@gmail.com)
[info] 
     ######## #### ########  ######## ########     ###     ######  ########
     ##        ##  ##     ## ##       ##     ##  ##   ##  ##       ##
     ######    ##  ########  ######   ########  #########  ######  ######
     ##        ##  ##    ##  ##       ##     ## ##     ##       ## ##
     ##       #### ##     ## ######## ########  ##     ##  ######  ########

You're about to initialize a Firebase project in this directory:

  E:\React\expense-tracker-app

[debug] [2024-04-03T04:12:14.043Z] <<< [apiv2][status] GET https://firebase-public.firebaseio.com/cli.json 200
[debug] [2024-04-03T04:12:14.044Z] <<< [apiv2][body] GET https://firebase-public.firebaseio.com/cli.json {"cloudBuildErrorAfter":1594252800000,"cloudBuildWarnAfter":1590019200000,"defaultNode10After":1594252800000,"minVersion":"3.0.5","node8DeploysDisabledAfter":1613390400000,"node8RuntimeDisabledAfter":1615809600000,"node8WarnAfter":1600128000000}
